2023-06-27 00:38:00,859 INFO The server IP list of Nacos is [172.16.238.10:8848, 172.16.238.11:8848, 172.16.238.12:8848]

2023-06-27 00:38:00,878 INFO Starting Nacos v2.2.3 using Java 1.8.0_372 on 0b7955d5ac5d with PID 1 (/home/nacos/target/nacos-server.jar started by root in /home/nacos)

2023-06-27 00:38:00,885 INFO No active profile set, falling back to 1 default profile: "default"

2023-06-27 00:38:01,867 INFO Nacos is starting...

2023-06-27 00:38:02,901 INFO Nacos is starting...

2023-06-27 00:38:03,920 INFO Nacos is starting...

2023-06-27 00:38:04,929 INFO Nacos is starting...

2023-06-27 00:38:05,954 INFO Nacos is starting...

2023-06-27 00:38:06,959 INFO Nacos is starting...

2023-06-27 00:38:07,964 INFO Nacos is starting...

2023-06-27 00:38:08,975 INFO Nacos is starting...

2023-06-27 00:38:09,979 INFO Nacos is starting...

2023-06-27 00:38:10,989 INFO Nacos is starting...

2023-06-27 00:38:11,853 INFO Tomcat initialized with port(s): 8848 (http)

2023-06-27 00:38:11,903 INFO Initializing ProtocolHandler ["http-nio-8848"]

2023-06-27 00:38:11,914 INFO Starting service [Tomcat]

2023-06-27 00:38:11,916 INFO Starting Servlet engine: [Apache Tomcat/9.0.69]

2023-06-27 00:38:12,016 INFO Nacos is starting...

2023-06-27 00:38:12,334 INFO Initializing Spring embedded WebApplicationContext

2023-06-27 00:38:12,340 INFO Root WebApplicationContext: initialization completed in 11022 ms

2023-06-27 00:38:13,018 INFO Nacos is starting...

2023-06-27 00:38:13,533 INFO Nacos-related cluster resource initialization

2023-06-27 00:38:13,616 INFO Load com.alibaba.nacos.core.ability.RemoteAbilityInitializer for ServerAbilityInitializer

2023-06-27 00:38:13,617 INFO Load com.alibaba.nacos.naming.ability.NamingAbilityInitializer for ServerAbilityInitializer

2023-06-27 00:38:13,643 INFO The cluster resource is initialized

2023-06-27 00:38:14,021 INFO Nacos is starting...

2023-06-27 00:38:15,024 INFO Nacos is starting...

2023-06-27 00:38:16,027 INFO Nacos is starting...

2023-06-27 00:38:16,859 INFO HikariPool-1 - Starting...

2023-06-27 00:38:17,052 INFO Nacos is starting...

2023-06-27 00:38:17,738 INFO HikariPool-1 - Start completed.

2023-06-27 00:38:17,833 INFO [MapperManager] Load Mapper(class com.alibaba.nacos.plugin.datasource.impl.mysql.ConfigInfoAggrMapperByMySql) datasource(mysql) tableName(config_info_aggr) successfully.

2023-06-27 00:38:17,835 INFO [MapperManager] Load Mapper(class com.alibaba.nacos.plugin.datasource.impl.mysql.ConfigInfoBetaMapperByMySql) datasource(mysql) tableName(config_info_beta) successfully.

2023-06-27 00:38:17,835 INFO [MapperManager] Load Mapper(class com.alibaba.nacos.plugin.datasource.impl.mysql.ConfigInfoMapperByMySql) datasource(mysql) tableName(config_info) successfully.

2023-06-27 00:38:17,837 INFO [MapperManager] Load Mapper(class com.alibaba.nacos.plugin.datasource.impl.mysql.ConfigInfoTagMapperByMySql) datasource(mysql) tableName(config_info_tag) successfully.

2023-06-27 00:38:17,837 INFO [MapperManager] Load Mapper(class com.alibaba.nacos.plugin.datasource.impl.mysql.ConfigTagsRelationMapperByMySql) datasource(mysql) tableName(config_tags_relation) successfully.

2023-06-27 00:38:17,838 INFO [MapperManager] Load Mapper(class com.alibaba.nacos.plugin.datasource.impl.mysql.HistoryConfigInfoMapperByMySql) datasource(mysql) tableName(his_config_info) successfully.

2023-06-27 00:38:17,839 INFO [MapperManager] Load Mapper(class com.alibaba.nacos.plugin.datasource.impl.mysql.TenantInfoMapperByMySql) datasource(mysql) tableName(tenant_info) successfully.

2023-06-27 00:38:17,839 INFO [MapperManager] Load Mapper(class com.alibaba.nacos.plugin.datasource.impl.mysql.TenantCapacityMapperByMySql) datasource(mysql) tableName(tenant_capacity) successfully.

2023-06-27 00:38:17,840 INFO [MapperManager] Load Mapper(class com.alibaba.nacos.plugin.datasource.impl.mysql.GroupCapacityMapperByMysql) datasource(mysql) tableName(group_capacity) successfully.

2023-06-27 00:38:17,842 INFO [MapperManager] Load Mapper(class com.alibaba.nacos.plugin.datasource.impl.derby.ConfigInfoAggrMapperByDerby) datasource(derby) tableName(config_info_aggr) successfully.

2023-06-27 00:38:17,842 INFO [MapperManager] Load Mapper(class com.alibaba.nacos.plugin.datasource.impl.derby.ConfigInfoBetaMapperByDerby) datasource(derby) tableName(config_info_beta) successfully.

2023-06-27 00:38:17,843 INFO [MapperManager] Load Mapper(class com.alibaba.nacos.plugin.datasource.impl.derby.ConfigInfoMapperByDerby) datasource(derby) tableName(config_info) successfully.

2023-06-27 00:38:17,844 INFO [MapperManager] Load Mapper(class com.alibaba.nacos.plugin.datasource.impl.derby.ConfigInfoTagMapperByDerby) datasource(derby) tableName(config_info_tag) successfully.

2023-06-27 00:38:17,845 INFO [MapperManager] Load Mapper(class com.alibaba.nacos.plugin.datasource.impl.derby.ConfigInfoTagsRelationMapperByDerby) datasource(derby) tableName(config_tags_relation) successfully.

2023-06-27 00:38:17,846 INFO [MapperManager] Load Mapper(class com.alibaba.nacos.plugin.datasource.impl.derby.HistoryConfigInfoMapperByDerby) datasource(derby) tableName(his_config_info) successfully.

2023-06-27 00:38:17,847 INFO [MapperManager] Load Mapper(class com.alibaba.nacos.plugin.datasource.impl.derby.TenantInfoMapperByDerby) datasource(derby) tableName(tenant_info) successfully.

2023-06-27 00:38:17,848 INFO [MapperManager] Load Mapper(class com.alibaba.nacos.plugin.datasource.impl.derby.TenantCapacityMapperByDerby) datasource(derby) tableName(tenant_capacity) successfully.

2023-06-27 00:38:17,849 INFO [MapperManager] Load Mapper(class com.alibaba.nacos.plugin.datasource.impl.derby.GroupCapacityMapperByDerby) datasource(derby) tableName(group_capacity) successfully.

2023-06-27 00:38:18,066 INFO Nacos is starting...

2023-06-27 00:38:19,068 INFO Nacos is starting...

2023-06-27 00:38:20,120 INFO Nacos is starting...

2023-06-27 00:38:20,847 WARN Fail to found tps control manager of name ：nacos

2023-06-27 00:38:20,868 WARN Fail to connection control manager of name ：nacos

2023-06-27 00:38:20,906 INFO Load connection metrics collector,size=2,[com.alibaba.nacos.config.server.service.LongPollingConnectionMetricsCollector@51abf713, com.alibaba.nacos.core.remote.LongConnectionMetricsCollector@4d4d48a6]

2023-06-27 00:38:20,918 INFO No connection rule content found ,use default empty rule 

2023-06-27 00:38:20,951 INFO Fail to find connection runtime ejector for name nacos,use default

2023-06-27 00:38:20,968 INFO Found tps barrier creator of name : nacos

2023-06-27 00:38:20,978 WARN Fail to found tps rule creator of name : nacos,use  default local simple creator

2023-06-27 00:38:20,987 INFO No tps control rule of CONFIG_PUSH_COUNT found  

2023-06-27 00:38:20,991 INFO No tps control rule of CONFIG_PUSH_SUCCESS found  

2023-06-27 00:38:20,994 INFO No tps control rule of CONFIG_PUSH_FAIL found  

2023-06-27 00:38:21,128 INFO [MapperManager] findMapper dataSource: mysql, tableName: config_info

2023-06-27 00:38:21,197 INFO Nacos is starting...

2023-06-27 00:38:21,247 INFO [MapperManager] findMapper dataSource: mysql, tableName: config_info_aggr

