2023-06-27 00:38:00,563 INFO The server IP list of Nacos is [172.16.238.10:8848, 172.16.238.11:8848, 172.16.238.12:8848]

2023-06-27 00:38:00,582 INFO Starting Nacos v2.2.3 using Java 1.8.0_372 on 7706204d3f58 with PID 1 (/home/nacos/target/nacos-server.jar started by root in /home/nacos)

2023-06-27 00:38:00,587 INFO No active profile set, falling back to 1 default profile: "default"

2023-06-27 00:38:01,569 INFO Nacos is starting...

2023-06-27 00:38:02,581 INFO Nacos is starting...

2023-06-27 00:38:03,591 INFO Nacos is starting...

2023-06-27 00:38:04,598 INFO Nacos is starting...

2023-06-27 00:38:05,694 INFO Nacos is starting...

2023-06-27 00:38:06,702 INFO Nacos is starting...

2023-06-27 00:38:07,710 INFO Nacos is starting...

2023-06-27 00:38:08,713 INFO Nacos is starting...

2023-06-27 00:38:09,718 INFO Nacos is starting...

2023-06-27 00:38:10,724 INFO Nacos is starting...

2023-06-27 00:38:11,632 INFO Tomcat initialized with port(s): 8848 (http)

2023-06-27 00:38:11,675 INFO Initializing ProtocolHandler ["http-nio-8848"]

2023-06-27 00:38:11,681 INFO Starting service [Tomcat]

2023-06-27 00:38:11,682 INFO Starting Servlet engine: [Apache Tomcat/9.0.69]

2023-06-27 00:38:11,746 INFO Nacos is starting...

2023-06-27 00:38:11,996 INFO Initializing Spring embedded WebApplicationContext

2023-06-27 00:38:11,998 INFO Root WebApplicationContext: initialization completed in 10953 ms

2023-06-27 00:38:12,763 INFO Nacos is starting...

2023-06-27 00:38:13,114 INFO Nacos-related cluster resource initialization

2023-06-27 00:38:13,154 INFO Load com.alibaba.nacos.core.ability.RemoteAbilityInitializer for ServerAbilityInitializer

2023-06-27 00:38:13,158 INFO Load com.alibaba.nacos.naming.ability.NamingAbilityInitializer for ServerAbilityInitializer

2023-06-27 00:38:13,196 INFO The cluster resource is initialized

2023-06-27 00:38:13,770 INFO Nacos is starting...

2023-06-27 00:38:14,775 INFO Nacos is starting...

2023-06-27 00:38:15,779 INFO Nacos is starting...

2023-06-27 00:38:16,378 INFO HikariPool-1 - Starting...

2023-06-27 00:38:16,788 INFO Nacos is starting...

2023-06-27 00:38:17,331 INFO HikariPool-1 - Start completed.

2023-06-27 00:38:17,635 INFO [MapperManager] Load Mapper(class com.alibaba.nacos.plugin.datasource.impl.mysql.ConfigInfoAggrMapperByMySql) datasource(mysql) tableName(config_info_aggr) successfully.

2023-06-27 00:38:17,637 INFO [MapperManager] Load Mapper(class com.alibaba.nacos.plugin.datasource.impl.mysql.ConfigInfoBetaMapperByMySql) datasource(mysql) tableName(config_info_beta) successfully.

2023-06-27 00:38:17,639 INFO [MapperManager] Load Mapper(class com.alibaba.nacos.plugin.datasource.impl.mysql.ConfigInfoMapperByMySql) datasource(mysql) tableName(config_info) successfully.

2023-06-27 00:38:17,641 INFO [MapperManager] Load Mapper(class com.alibaba.nacos.plugin.datasource.impl.mysql.ConfigInfoTagMapperByMySql) datasource(mysql) tableName(config_info_tag) successfully.

2023-06-27 00:38:17,642 INFO [MapperManager] Load Mapper(class com.alibaba.nacos.plugin.datasource.impl.mysql.ConfigTagsRelationMapperByMySql) datasource(mysql) tableName(config_tags_relation) successfully.

2023-06-27 00:38:17,643 INFO [MapperManager] Load Mapper(class com.alibaba.nacos.plugin.datasource.impl.mysql.HistoryConfigInfoMapperByMySql) datasource(mysql) tableName(his_config_info) successfully.

2023-06-27 00:38:17,644 INFO [MapperManager] Load Mapper(class com.alibaba.nacos.plugin.datasource.impl.mysql.TenantInfoMapperByMySql) datasource(mysql) tableName(tenant_info) successfully.

2023-06-27 00:38:17,644 INFO [MapperManager] Load Mapper(class com.alibaba.nacos.plugin.datasource.impl.mysql.TenantCapacityMapperByMySql) datasource(mysql) tableName(tenant_capacity) successfully.

2023-06-27 00:38:17,645 INFO [MapperManager] Load Mapper(class com.alibaba.nacos.plugin.datasource.impl.mysql.GroupCapacityMapperByMysql) datasource(mysql) tableName(group_capacity) successfully.

2023-06-27 00:38:17,646 INFO [MapperManager] Load Mapper(class com.alibaba.nacos.plugin.datasource.impl.derby.ConfigInfoAggrMapperByDerby) datasource(derby) tableName(config_info_aggr) successfully.

2023-06-27 00:38:17,647 INFO [MapperManager] Load Mapper(class com.alibaba.nacos.plugin.datasource.impl.derby.ConfigInfoBetaMapperByDerby) datasource(derby) tableName(config_info_beta) successfully.

2023-06-27 00:38:17,649 INFO [MapperManager] Load Mapper(class com.alibaba.nacos.plugin.datasource.impl.derby.ConfigInfoMapperByDerby) datasource(derby) tableName(config_info) successfully.

2023-06-27 00:38:17,650 INFO [MapperManager] Load Mapper(class com.alibaba.nacos.plugin.datasource.impl.derby.ConfigInfoTagMapperByDerby) datasource(derby) tableName(config_info_tag) successfully.

2023-06-27 00:38:17,650 INFO [MapperManager] Load Mapper(class com.alibaba.nacos.plugin.datasource.impl.derby.ConfigInfoTagsRelationMapperByDerby) datasource(derby) tableName(config_tags_relation) successfully.

2023-06-27 00:38:17,651 INFO [MapperManager] Load Mapper(class com.alibaba.nacos.plugin.datasource.impl.derby.HistoryConfigInfoMapperByDerby) datasource(derby) tableName(his_config_info) successfully.

2023-06-27 00:38:17,652 INFO [MapperManager] Load Mapper(class com.alibaba.nacos.plugin.datasource.impl.derby.TenantInfoMapperByDerby) datasource(derby) tableName(tenant_info) successfully.

2023-06-27 00:38:17,652 INFO [MapperManager] Load Mapper(class com.alibaba.nacos.plugin.datasource.impl.derby.TenantCapacityMapperByDerby) datasource(derby) tableName(tenant_capacity) successfully.

2023-06-27 00:38:17,653 INFO [MapperManager] Load Mapper(class com.alibaba.nacos.plugin.datasource.impl.derby.GroupCapacityMapperByDerby) datasource(derby) tableName(group_capacity) successfully.

2023-06-27 00:38:17,841 INFO Nacos is starting...

2023-06-27 00:38:18,868 INFO Nacos is starting...

2023-06-27 00:38:19,635 WARN Fail to found tps control manager of name ：nacos

2023-06-27 00:38:19,647 WARN Fail to connection control manager of name ：nacos

2023-06-27 00:38:19,669 INFO Load connection metrics collector,size=2,[com.alibaba.nacos.config.server.service.LongPollingConnectionMetricsCollector@51abf713, com.alibaba.nacos.core.remote.LongConnectionMetricsCollector@4d4d48a6]

2023-06-27 00:38:19,688 INFO No connection rule content found ,use default empty rule 

2023-06-27 00:38:19,750 INFO Fail to find connection runtime ejector for name nacos,use default

2023-06-27 00:38:19,795 INFO Found tps barrier creator of name : nacos

2023-06-27 00:38:19,819 WARN Fail to found tps rule creator of name : nacos,use  default local simple creator

2023-06-27 00:38:19,839 INFO No tps control rule of CONFIG_PUSH_COUNT found  

2023-06-27 00:38:19,843 INFO No tps control rule of CONFIG_PUSH_SUCCESS found  

2023-06-27 00:38:19,849 INFO No tps control rule of CONFIG_PUSH_FAIL found  

2023-06-27 00:38:19,871 INFO Nacos is starting...

2023-06-27 00:38:19,962 INFO [MapperManager] findMapper dataSource: mysql, tableName: config_info

2023-06-27 00:38:20,064 INFO [MapperManager] findMapper dataSource: mysql, tableName: config_info_aggr

2023-06-27 00:38:20,776 INFO Connection check task start

2023-06-27 00:38:20,853 INFO [Cluster-172.16.238.11:8848] RpcClient init, ServerListFactory = com.alibaba.nacos.core.cluster.remote.ClusterRpcClientProxy$1

2023-06-27 00:38:20,882 INFO Nacos is starting...

2023-06-27 00:38:20,969 INFO [Cluster-172.16.238.11:8848] Try to connect to server on start up, server: {serverIp = '172.16.238.11', server main port = 8848}

2023-06-27 00:38:21,142 INFO Long connection metrics detail ,Total count =0, sdkCount=0,clusterCount=0

2023-06-27 00:38:21,144 INFO Connection check task end

2023-06-27 00:38:21,184 INFO grpc client connection server:172.16.238.11 ip,serverPort:9849,grpcTslConfig:{"sslProvider":"","enableTls":false,"mutualAuthEnable":false,"trustAll":false}

