2023-06-27 00:38:00,868 INFO The server IP list of Nacos is [172.16.238.10:8848, 172.16.238.11:8848, 172.16.238.12:8848]

2023-06-27 00:38:00,884 INFO Starting Nacos v2.2.3 using Java 1.8.0_372 on ec7f49e3b3ef with PID 1 (/home/nacos/target/nacos-server.jar started by root in /home/nacos)

2023-06-27 00:38:00,888 INFO No active profile set, falling back to 1 default profile: "default"

2023-06-27 00:38:01,876 INFO Nacos is starting...

2023-06-27 00:38:02,899 INFO Nacos is starting...

2023-06-27 00:38:03,903 INFO Nacos is starting...

2023-06-27 00:38:04,918 INFO Nacos is starting...

2023-06-27 00:38:05,942 INFO Nacos is starting...

2023-06-27 00:38:06,946 INFO Nacos is starting...

2023-06-27 00:38:07,952 INFO Nacos is starting...

2023-06-27 00:38:08,959 INFO Nacos is starting...

2023-06-27 00:38:09,962 INFO Nacos is starting...

2023-06-27 00:38:10,964 INFO Nacos is starting...

2023-06-27 00:38:11,986 INFO Nacos is starting...

2023-06-27 00:38:12,527 INFO Tomcat initialized with port(s): 8848 (http)

2023-06-27 00:38:12,560 INFO Initializing ProtocolHandler ["http-nio-8848"]

2023-06-27 00:38:12,563 INFO Starting service [Tomcat]

2023-06-27 00:38:12,564 INFO Starting Servlet engine: [Apache Tomcat/9.0.69]

2023-06-27 00:38:12,673 INFO Initializing Spring embedded WebApplicationContext

2023-06-27 00:38:12,675 INFO Root WebApplicationContext: initialization completed in 11142 ms

2023-06-27 00:38:13,005 INFO Nacos is starting...

2023-06-27 00:38:13,722 INFO Nacos-related cluster resource initialization

2023-06-27 00:38:13,825 INFO Load com.alibaba.nacos.core.ability.RemoteAbilityInitializer for ServerAbilityInitializer

2023-06-27 00:38:13,827 INFO Load com.alibaba.nacos.naming.ability.NamingAbilityInitializer for ServerAbilityInitializer

2023-06-27 00:38:13,860 INFO The cluster resource is initialized

2023-06-27 00:38:14,007 INFO Nacos is starting...

2023-06-27 00:38:15,011 INFO Nacos is starting...

2023-06-27 00:38:16,015 INFO Nacos is starting...

2023-06-27 00:38:17,023 INFO Nacos is starting...

2023-06-27 00:38:17,264 INFO HikariPool-1 - Starting...

2023-06-27 00:38:17,816 INFO HikariPool-1 - Start completed.

2023-06-27 00:38:17,955 INFO [MapperManager] Load Mapper(class com.alibaba.nacos.plugin.datasource.impl.mysql.ConfigInfoAggrMapperByMySql) datasource(mysql) tableName(config_info_aggr) successfully.

2023-06-27 00:38:17,965 INFO [MapperManager] Load Mapper(class com.alibaba.nacos.plugin.datasource.impl.mysql.ConfigInfoBetaMapperByMySql) datasource(mysql) tableName(config_info_beta) successfully.

2023-06-27 00:38:17,971 INFO [MapperManager] Load Mapper(class com.alibaba.nacos.plugin.datasource.impl.mysql.ConfigInfoMapperByMySql) datasource(mysql) tableName(config_info) successfully.

2023-06-27 00:38:17,972 INFO [MapperManager] Load Mapper(class com.alibaba.nacos.plugin.datasource.impl.mysql.ConfigInfoTagMapperByMySql) datasource(mysql) tableName(config_info_tag) successfully.

2023-06-27 00:38:17,972 INFO [MapperManager] Load Mapper(class com.alibaba.nacos.plugin.datasource.impl.mysql.ConfigTagsRelationMapperByMySql) datasource(mysql) tableName(config_tags_relation) successfully.

2023-06-27 00:38:17,973 INFO [MapperManager] Load Mapper(class com.alibaba.nacos.plugin.datasource.impl.mysql.HistoryConfigInfoMapperByMySql) datasource(mysql) tableName(his_config_info) successfully.

2023-06-27 00:38:17,974 INFO [MapperManager] Load Mapper(class com.alibaba.nacos.plugin.datasource.impl.mysql.TenantInfoMapperByMySql) datasource(mysql) tableName(tenant_info) successfully.

2023-06-27 00:38:17,974 INFO [MapperManager] Load Mapper(class com.alibaba.nacos.plugin.datasource.impl.mysql.TenantCapacityMapperByMySql) datasource(mysql) tableName(tenant_capacity) successfully.

2023-06-27 00:38:17,974 INFO [MapperManager] Load Mapper(class com.alibaba.nacos.plugin.datasource.impl.mysql.GroupCapacityMapperByMysql) datasource(mysql) tableName(group_capacity) successfully.

2023-06-27 00:38:17,975 INFO [MapperManager] Load Mapper(class com.alibaba.nacos.plugin.datasource.impl.derby.ConfigInfoAggrMapperByDerby) datasource(derby) tableName(config_info_aggr) successfully.

2023-06-27 00:38:17,976 INFO [MapperManager] Load Mapper(class com.alibaba.nacos.plugin.datasource.impl.derby.ConfigInfoBetaMapperByDerby) datasource(derby) tableName(config_info_beta) successfully.

2023-06-27 00:38:17,977 INFO [MapperManager] Load Mapper(class com.alibaba.nacos.plugin.datasource.impl.derby.ConfigInfoMapperByDerby) datasource(derby) tableName(config_info) successfully.

2023-06-27 00:38:17,978 INFO [MapperManager] Load Mapper(class com.alibaba.nacos.plugin.datasource.impl.derby.ConfigInfoTagMapperByDerby) datasource(derby) tableName(config_info_tag) successfully.

2023-06-27 00:38:17,978 INFO [MapperManager] Load Mapper(class com.alibaba.nacos.plugin.datasource.impl.derby.ConfigInfoTagsRelationMapperByDerby) datasource(derby) tableName(config_tags_relation) successfully.

2023-06-27 00:38:17,980 INFO [MapperManager] Load Mapper(class com.alibaba.nacos.plugin.datasource.impl.derby.HistoryConfigInfoMapperByDerby) datasource(derby) tableName(his_config_info) successfully.

2023-06-27 00:38:17,981 INFO [MapperManager] Load Mapper(class com.alibaba.nacos.plugin.datasource.impl.derby.TenantInfoMapperByDerby) datasource(derby) tableName(tenant_info) successfully.

2023-06-27 00:38:17,982 INFO [MapperManager] Load Mapper(class com.alibaba.nacos.plugin.datasource.impl.derby.TenantCapacityMapperByDerby) datasource(derby) tableName(tenant_capacity) successfully.

2023-06-27 00:38:17,983 INFO [MapperManager] Load Mapper(class com.alibaba.nacos.plugin.datasource.impl.derby.GroupCapacityMapperByDerby) datasource(derby) tableName(group_capacity) successfully.

2023-06-27 00:38:18,027 INFO Nacos is starting...

2023-06-27 00:38:19,029 INFO Nacos is starting...

2023-06-27 00:38:20,041 INFO Nacos is starting...

2023-06-27 00:38:21,055 INFO Nacos is starting...

2023-06-27 00:38:21,262 WARN Fail to found tps control manager of name ：nacos

2023-06-27 00:38:21,296 WARN Fail to connection control manager of name ：nacos

2023-06-27 00:38:21,355 INFO Load connection metrics collector,size=2,[com.alibaba.nacos.config.server.service.LongPollingConnectionMetricsCollector@3b718392, com.alibaba.nacos.core.remote.LongConnectionMetricsCollector@1f2d2181]

