2023-06-27 00:38:14,233 INFO Initializes the Raft protocol, raft-config info : {}

2023-06-27 00:38:14,583 INFO ========= The raft protocol is starting... =========

2023-06-27 00:38:15,313 INFO ========= The raft protocol start finished... =========

2023-06-27 00:38:15,329 INFO create raft group : naming_persistent_service

2023-06-27 00:38:18,612 ERROR Failed to join the cluster, retry...

java.lang.IllegalStateException: Fail to get leader of group naming_persistent_service, Unknown leader, Unknown leader
	at com.alipay.sofa.jraft.core.CliServiceImpl.getPeers(CliServiceImpl.java:605)
	at com.alipay.sofa.jraft.core.CliServiceImpl.getPeers(CliServiceImpl.java:498)
	at com.alibaba.nacos.core.distributed.raft.JRaftServer.registerSelfToCluster(JRaftServer.java:353)
	at com.alibaba.nacos.core.distributed.raft.JRaftServer.lambda$createMultiRaftGroup$0(JRaftServer.java:264)
	at java.util.concurrent.Executors$RunnableAdapter.call(Executors.java:511)
	at java.util.concurrent.FutureTask.run(FutureTask.java:266)
	at java.util.concurrent.ScheduledThreadPoolExecutor$ScheduledFutureTask.access$201(ScheduledThreadPoolExecutor.java:180)
	at java.util.concurrent.ScheduledThreadPoolExecutor$ScheduledFutureTask.run(ScheduledThreadPoolExecutor.java:293)
	at java.util.concurrent.ThreadPoolExecutor.runWorker(ThreadPoolExecutor.java:1149)
	at java.util.concurrent.ThreadPoolExecutor$Worker.run(ThreadPoolExecutor.java:624)
	at java.lang.Thread.run(Thread.java:750)
2023-06-27 00:38:20,260 ERROR Failed to join the cluster, retry...

java.lang.IllegalStateException: Fail to get leader of group naming_persistent_service, Unknown leader, Unknown leader, Unknown leader
	at com.alipay.sofa.jraft.core.CliServiceImpl.getPeers(CliServiceImpl.java:605)
	at com.alipay.sofa.jraft.core.CliServiceImpl.getPeers(CliServiceImpl.java:498)
	at com.alibaba.nacos.core.distributed.raft.JRaftServer.registerSelfToCluster(JRaftServer.java:353)
	at com.alibaba.nacos.core.distributed.raft.JRaftServer.lambda$createMultiRaftGroup$0(JRaftServer.java:264)
	at java.util.concurrent.Executors$RunnableAdapter.call(Executors.java:511)
	at java.util.concurrent.FutureTask.run(FutureTask.java:266)
	at java.util.concurrent.ScheduledThreadPoolExecutor$ScheduledFutureTask.access$201(ScheduledThreadPoolExecutor.java:180)
	at java.util.concurrent.ScheduledThreadPoolExecutor$ScheduledFutureTask.run(ScheduledThreadPoolExecutor.java:293)
	at java.util.concurrent.ThreadPoolExecutor.runWorker(ThreadPoolExecutor.java:1149)
	at java.util.concurrent.ThreadPoolExecutor$Worker.run(ThreadPoolExecutor.java:624)
	at java.lang.Thread.run(Thread.java:750)
